2019-04-29 09:18:52.156  INFO 6740 --- [restartedMain] com.sa.server.ServerApplication          : Starting ServerApplication on DESKTOP-FJMI837 with PID 6740 (D:\workspace\z-vlog\server\bin\main started by H in D:\workspace\z-vlog\server)
2019-04-29 09:18:52.175  INFO 6740 --- [restartedMain] com.sa.server.ServerApplication          : No active profile set, falling back to default profiles: default
2019-04-29 09:18:52.235  INFO 6740 --- [restartedMain] .e.DevToolsPropertyDefaultsPostProcessor : Devtools property defaults active! Set 'spring.devtools.add-properties' to 'false' to disable
2019-04-29 09:18:52.235  INFO 6740 --- [restartedMain] .e.DevToolsPropertyDefaultsPostProcessor : For additional web related logging consider setting the 'logging.level.web' property to 'DEBUG'
2019-04-29 09:18:53.387  INFO 6740 --- [restartedMain] .s.d.r.c.RepositoryConfigurationDelegate : Multiple Spring Data modules found, entering strict repository configuration mode!
2019-04-29 09:18:53.389  INFO 6740 --- [restartedMain] .s.d.r.c.RepositoryConfigurationDelegate : Bootstrapping Spring Data repositories in DEFAULT mode.
2019-04-29 09:18:53.434  INFO 6740 --- [restartedMain] .s.d.r.c.RepositoryConfigurationDelegate : Finished Spring Data repository scanning in 29ms. Found 0 repository interfaces.
2019-04-29 09:18:53.857  INFO 6740 --- [restartedMain] trationDelegate$BeanPostProcessorChecker : Bean 'org.springframework.transaction.annotation.ProxyTransactionManagementConfiguration' of type [org.springframework.transaction.annotation.ProxyTransactionManagementConfiguration$$EnhancerBySpringCGLIB$$2ccc83a7] is not eligible for getting processed by all BeanPostProcessors (for example: not eligible for auto-proxying)
2019-04-29 09:18:54.226  INFO 6740 --- [restartedMain] o.s.b.w.embedded.tomcat.TomcatWebServer  : Tomcat initialized with port(s): 8088 (http)
2019-04-29 09:18:54.246  INFO 6740 --- [restartedMain] o.apache.catalina.core.StandardService   : Starting service [Tomcat]
2019-04-29 09:18:54.247  INFO 6740 --- [restartedMain] org.apache.catalina.core.StandardEngine  : Starting Servlet Engine: Apache Tomcat/9.0.13
2019-04-29 09:18:54.254  INFO 6740 --- [restartedMain] o.a.catalina.core.AprLifecycleListener   : The APR based Apache Tomcat Native library which allows optimal performance in production environments was not found on the java.library.path: [C:\Program Files\Java\jdk1.8.0_121\bin;C:\WINDOWS\Sun\Java\bin;C:\WINDOWS\system32;C:\WINDOWS;C:/Program Files/Java/jdk1.8.0_121/bin/../jre/bin/server;C:/Program Files/Java/jdk1.8.0_121/bin/../jre/bin;C:/Program Files/Java/jdk1.8.0_121/bin/../jre/lib/amd64;C:\Program Files\Java\jdk1.8.0_121\bin;C:\Program Files\Java\jdk1.8.0_121\jre\bin;C:\Program Files (x86)\Common Files\Oracle\Java\javapath;C:\Windows\system32;C:\Windows;C:\Windows\System32\Wbem;C:\Windows\System32\WindowsPowerShell\v1.0\;D:\soft\brakets\command;C:\Program Files (x86)\NVIDIA Corporation\PhysX\Common;C:\Program Files\Intel\WiFi\bin\;C:\Program Files\Common Files\Intel\WirelessCommon\;C:\WINDOWS\system32;C:\WINDOWS;C:\WINDOWS\System32\Wbem;C:\WINDOWS\System32\WindowsPowerShell\v1.0\;C:\WINDOWS\System32\OpenSSH\;D:\Java\maven-3.6.0\bin;D:\anaconda\Anaconda;D:\anaconda\Anaconda\Library\mingw-w64\bin;D:\anaconda\Anaconda\Library\usr\bin;D:\anaconda\Anaconda\Library\bin;D:\anaconda\Anaconda\Scripts;C:\Users\H\AppData\Local\Microsoft\WindowsApps;C:\Program Files\Intel\WiFi\bin\;C:\Program Files\Common Files\Intel\WirelessCommon\;;D:\Java\Spring Boot\sts-bundle\sts-3.9.6.RELEASE;;.]
2019-04-29 09:18:54.376  INFO 6740 --- [restartedMain] o.a.c.c.C.[Tomcat].[localhost].[/]       : Initializing Spring embedded WebApplicationContext
2019-04-29 09:18:54.376  INFO 6740 --- [restartedMain] o.s.web.context.ContextLoader            : Root WebApplicationContext: initialization completed in 2141 ms
2019-04-29 09:18:54.877  INFO 6740 --- [restartedMain] c.a.d.s.b.a.DruidDataSourceAutoConfigure : Init DruidDataSource
2019-04-29 09:18:55.954  INFO 6740 --- [restartedMain] com.alibaba.druid.pool.DruidDataSource   : {dataSource-1} inited
2019-04-29 09:18:57.511  INFO 6740 --- [restartedMain] o.s.s.concurrent.ThreadPoolTaskExecutor  : Initializing ExecutorService 'applicationTaskExecutor'
2019-04-29 09:18:57.560  INFO 6740 --- [restartedMain] o.s.b.d.a.OptionalLiveReloadServer       : LiveReload server is running on port 35729
2019-04-29 09:18:57.901  INFO 6740 --- [restartedMain] io.lettuce.core.EpollProvider            : Starting without optional epoll library
2019-04-29 09:18:57.903  INFO 6740 --- [restartedMain] io.lettuce.core.KqueueProvider           : Starting without optional kqueue library
2019-04-29 09:18:59.011  INFO 6740 --- [restartedMain] s.a.ScheduledAnnotationBeanPostProcessor : No TaskScheduler/ScheduledExecutorService bean found for scheduled processing
2019-04-29 09:18:59.017  INFO 6740 --- [restartedMain] d.s.w.p.DocumentationPluginsBootstrapper : Context refreshed
2019-04-29 09:18:59.034  INFO 6740 --- [restartedMain] d.s.w.p.DocumentationPluginsBootstrapper : Found 1 custom documentation plugin(s)
2019-04-29 09:18:59.042  INFO 6740 --- [restartedMain] s.d.s.w.s.ApiListingReferenceScanner     : Scanning for api listing references
2019-04-29 09:18:59.180  WARN 6740 --- [restartedMain] d.s.r.o.OperationImplicitParameterReader : Coercing to be of type string. This may not even be a scalar type in actuality
2019-04-29 09:18:59.185  WARN 6740 --- [restartedMain] d.s.r.o.OperationImplicitParameterReader : Coercing to be of type string. This may not even be a scalar type in actuality
2019-04-29 09:18:59.206  WARN 6740 --- [restartedMain] d.s.r.o.OperationImplicitParameterReader : Coercing to be of type string. This may not even be a scalar type in actuality
2019-04-29 09:18:59.206  WARN 6740 --- [restartedMain] d.s.r.o.OperationImplicitParameterReader : Coercing to be of type string. This may not even be a scalar type in actuality
2019-04-29 09:18:59.207  WARN 6740 --- [restartedMain] d.s.r.o.OperationImplicitParameterReader : Coercing to be of type string. This may not even be a scalar type in actuality
2019-04-29 09:18:59.207  WARN 6740 --- [restartedMain] d.s.r.o.OperationImplicitParameterReader : Coercing to be of type string. This may not even be a scalar type in actuality
2019-04-29 09:18:59.207  WARN 6740 --- [restartedMain] d.s.r.o.OperationImplicitParameterReader : Coercing to be of type string. This may not even be a scalar type in actuality
2019-04-29 09:18:59.251  WARN 6740 --- [restartedMain] d.s.r.o.OperationImplicitParameterReader : Coercing to be of type string. This may not even be a scalar type in actuality
2019-04-29 09:18:59.252  WARN 6740 --- [restartedMain] d.s.r.o.OperationImplicitParameterReader : Coercing to be of type string. This may not even be a scalar type in actuality
2019-04-29 09:18:59.252  WARN 6740 --- [restartedMain] d.s.r.o.OperationImplicitParameterReader : Coercing to be of type string. This may not even be a scalar type in actuality
2019-04-29 09:18:59.266  WARN 6740 --- [restartedMain] d.s.r.o.OperationImplicitParameterReader : Coercing to be of type string. This may not even be a scalar type in actuality
2019-04-29 09:18:59.266  WARN 6740 --- [restartedMain] d.s.r.o.OperationImplicitParameterReader : Coercing to be of type string. This may not even be a scalar type in actuality
2019-04-29 09:18:59.266  WARN 6740 --- [restartedMain] d.s.r.o.OperationImplicitParameterReader : Coercing to be of type string. This may not even be a scalar type in actuality
2019-04-29 09:18:59.283  WARN 6740 --- [restartedMain] d.s.r.o.OperationImplicitParameterReader : Coercing to be of type string. This may not even be a scalar type in actuality
2019-04-29 09:18:59.283  WARN 6740 --- [restartedMain] d.s.r.o.OperationImplicitParameterReader : Coercing to be of type string. This may not even be a scalar type in actuality
2019-04-29 09:18:59.283  WARN 6740 --- [restartedMain] d.s.r.o.OperationImplicitParameterReader : Coercing to be of type string. This may not even be a scalar type in actuality
2019-04-29 09:18:59.284  WARN 6740 --- [restartedMain] d.s.r.o.OperationImplicitParameterReader : Coercing to be of type string. This may not even be a scalar type in actuality
2019-04-29 09:18:59.284  WARN 6740 --- [restartedMain] d.s.r.o.OperationImplicitParameterReader : Coercing to be of type string. This may not even be a scalar type in actuality
2019-04-29 09:18:59.284  WARN 6740 --- [restartedMain] d.s.r.o.OperationImplicitParameterReader : Coercing to be of type string. This may not even be a scalar type in actuality
2019-04-29 09:18:59.295  INFO 6740 --- [restartedMain] .d.s.w.r.o.CachingOperationNameGenerator : Generating unique operation named: queryAllUsingGET_1
2019-04-29 09:18:59.300  INFO 6740 --- [restartedMain] .d.s.w.r.o.CachingOperationNameGenerator : Generating unique operation named: deleteUsingDELETE_1
2019-04-29 09:18:59.310  INFO 6740 --- [restartedMain] .d.s.w.r.o.CachingOperationNameGenerator : Generating unique operation named: saveUsingPOST_1
2019-04-29 09:18:59.343  INFO 6740 --- [restartedMain] .d.s.w.r.o.CachingOperationNameGenerator : Generating unique operation named: searchUsingGET_1
2019-04-29 09:18:59.376  INFO 6740 --- [restartedMain] o.s.b.w.embedded.tomcat.TomcatWebServer  : Tomcat started on port(s): 8088 (http) with context path ''
2019-04-29 09:18:59.379  INFO 6740 --- [restartedMain] com.sa.server.ServerApplication          : Started ServerApplication in 7.734 seconds (JVM running for 8.936)
2019-04-29 09:19:17.201  INFO 6740 --- [http-nio-8088-exec-1] o.a.c.c.C.[Tomcat].[localhost].[/]       : Initializing Spring DispatcherServlet 'dispatcherServlet'
2019-04-29 09:19:17.202  INFO 6740 --- [http-nio-8088-exec-1] o.s.web.servlet.DispatcherServlet        : Initializing Servlet 'dispatcherServlet'
2019-04-29 09:19:17.209  INFO 6740 --- [http-nio-8088-exec-1] o.s.web.servlet.DispatcherServlet        : Completed initialization in 7 ms
2019-04-29 09:19:17.594  INFO 6740 --- [http-nio-8088-exec-10] c.sa.server.filter.ShopAnyWhereIpFilter  : there is a request from ip:0:0:0:0:0:0:0:1
2019-04-29 09:19:17.678  INFO 6740 --- [http-nio-8088-exec-7] c.sa.server.filter.ShopAnyWhereIpFilter  : there is a request from ip:0:0:0:0:0:0:0:1
2019-04-29 09:19:17.706  INFO 6740 --- [http-nio-8088-exec-6] c.sa.server.filter.ShopAnyWhereIpFilter  : there is a request from ip:0:0:0:0:0:0:0:1
2019-04-29 09:19:35.019  INFO 6740 --- [http-nio-8088-exec-2] c.sa.server.filter.ShopAnyWhereIpFilter  : there is a request from ip:0:0:0:0:0:0:0:1
2019-04-29 09:19:35.035  INFO 6740 --- [http-nio-8088-exec-8] c.sa.server.filter.ShopAnyWhereIpFilter  : there is a request from ip:0:0:0:0:0:0:0:1
2019-04-29 09:19:35.049  INFO 6740 --- [http-nio-8088-exec-5] c.sa.server.filter.ShopAnyWhereIpFilter  : there is a request from ip:0:0:0:0:0:0:0:1
2019-04-29 09:20:00.879  INFO 6740 --- [RMI TCP Connection(2)-127.0.0.1] inMXBeanRegistrar$SpringApplicationAdmin : Application shutdown requested.
2019-04-29 09:20:00.916  INFO 6740 --- [RMI TCP Connection(2)-127.0.0.1] o.s.s.concurrent.ThreadPoolTaskExecutor  : Shutting down ExecutorService 'applicationTaskExecutor'
2019-04-29 09:20:00.920  INFO 6740 --- [RMI TCP Connection(2)-127.0.0.1] com.alibaba.druid.pool.DruidDataSource   : {dataSource-1} closed
2019-04-29 09:20:50.876  INFO 2844 --- [restartedMain] com.sa.server.ServerApplication          : Starting ServerApplication on DESKTOP-FJMI837 with PID 2844 (D:\workspace\z-vlog\server\bin\main started by H in D:\workspace\z-vlog\server)
2019-04-29 09:20:50.879  INFO 2844 --- [restartedMain] com.sa.server.ServerApplication          : No active profile set, falling back to default profiles: default
2019-04-29 09:20:51.026  INFO 2844 --- [restartedMain] .e.DevToolsPropertyDefaultsPostProcessor : Devtools property defaults active! Set 'spring.devtools.add-properties' to 'false' to disable
2019-04-29 09:20:51.026  INFO 2844 --- [restartedMain] .e.DevToolsPropertyDefaultsPostProcessor : For additional web related logging consider setting the 'logging.level.web' property to 'DEBUG'
2019-04-29 09:20:52.848  INFO 2844 --- [restartedMain] .s.d.r.c.RepositoryConfigurationDelegate : Multiple Spring Data modules found, entering strict repository configuration mode!
2019-04-29 09:20:52.851  INFO 2844 --- [restartedMain] .s.d.r.c.RepositoryConfigurationDelegate : Bootstrapping Spring Data repositories in DEFAULT mode.
2019-04-29 09:20:52.909  INFO 2844 --- [restartedMain] .s.d.r.c.RepositoryConfigurationDelegate : Finished Spring Data repository scanning in 39ms. Found 0 repository interfaces.
2019-04-29 09:20:53.586  INFO 2844 --- [restartedMain] trationDelegate$BeanPostProcessorChecker : Bean 'org.springframework.transaction.annotation.ProxyTransactionManagementConfiguration' of type [org.springframework.transaction.annotation.ProxyTransactionManagementConfiguration$$EnhancerBySpringCGLIB$$f578dce0] is not eligible for getting processed by all BeanPostProcessors (for example: not eligible for auto-proxying)
2019-04-29 09:20:54.446  INFO 2844 --- [restartedMain] o.s.b.w.embedded.tomcat.TomcatWebServer  : Tomcat initialized with port(s): 8088 (http)
2019-04-29 09:20:54.481  INFO 2844 --- [restartedMain] o.apache.catalina.core.StandardService   : Starting service [Tomcat]
2019-04-29 09:20:54.482  INFO 2844 --- [restartedMain] org.apache.catalina.core.StandardEngine  : Starting Servlet Engine: Apache Tomcat/9.0.13
2019-04-29 09:20:54.495  INFO 2844 --- [restartedMain] o.a.catalina.core.AprLifecycleListener   : The APR based Apache Tomcat Native library which allows optimal performance in production environments was not found on the java.library.path: [C:\Program Files\Java\jdk1.8.0_121\bin;C:\WINDOWS\Sun\Java\bin;C:\WINDOWS\system32;C:\WINDOWS;C:/Program Files/Java/jdk1.8.0_121/bin/../jre/bin/server;C:/Program Files/Java/jdk1.8.0_121/bin/../jre/bin;C:/Program Files/Java/jdk1.8.0_121/bin/../jre/lib/amd64;C:\Program Files\Java\jdk1.8.0_121\bin;C:\Program Files\Java\jdk1.8.0_121\jre\bin;C:\Program Files (x86)\Common Files\Oracle\Java\javapath;C:\Windows\system32;C:\Windows;C:\Windows\System32\Wbem;C:\Windows\System32\WindowsPowerShell\v1.0\;D:\soft\brakets\command;C:\Program Files (x86)\NVIDIA Corporation\PhysX\Common;C:\Program Files\Intel\WiFi\bin\;C:\Program Files\Common Files\Intel\WirelessCommon\;C:\WINDOWS\system32;C:\WINDOWS;C:\WINDOWS\System32\Wbem;C:\WINDOWS\System32\WindowsPowerShell\v1.0\;C:\WINDOWS\System32\OpenSSH\;D:\Java\maven-3.6.0\bin;D:\anaconda\Anaconda;D:\anaconda\Anaconda\Library\mingw-w64\bin;D:\anaconda\Anaconda\Library\usr\bin;D:\anaconda\Anaconda\Library\bin;D:\anaconda\Anaconda\Scripts;C:\Users\H\AppData\Local\Microsoft\WindowsApps;C:\Program Files\Intel\WiFi\bin\;C:\Program Files\Common Files\Intel\WirelessCommon\;;D:\Java\Spring Boot\sts-bundle\sts-3.9.6.RELEASE;;.]
2019-04-29 09:20:54.678  INFO 2844 --- [restartedMain] o.a.c.c.C.[Tomcat].[localhost].[/]       : Initializing Spring embedded WebApplicationContext
2019-04-29 09:20:54.680  INFO 2844 --- [restartedMain] o.s.web.context.ContextLoader            : Root WebApplicationContext: initialization completed in 3654 ms
2019-04-29 09:20:55.367  INFO 2844 --- [restartedMain] c.a.d.s.b.a.DruidDataSourceAutoConfigure : Init DruidDataSource
2019-04-29 09:20:56.029  INFO 2844 --- [restartedMain] com.alibaba.druid.pool.DruidDataSource   : {dataSource-1} inited
2019-04-29 09:20:58.776  INFO 2844 --- [restartedMain] o.s.s.concurrent.ThreadPoolTaskExecutor  : Initializing ExecutorService 'applicationTaskExecutor'
2019-04-29 09:20:58.808  INFO 2844 --- [restartedMain] o.s.b.d.a.OptionalLiveReloadServer       : LiveReload server is running on port 35729
2019-04-29 09:20:59.564  INFO 2844 --- [restartedMain] io.lettuce.core.EpollProvider            : Starting without optional epoll library
2019-04-29 09:20:59.567  INFO 2844 --- [restartedMain] io.lettuce.core.KqueueProvider           : Starting without optional kqueue library
2019-04-29 09:21:01.156  INFO 2844 --- [restartedMain] s.a.ScheduledAnnotationBeanPostProcessor : No TaskScheduler/ScheduledExecutorService bean found for scheduled processing
2019-04-29 09:21:01.168  INFO 2844 --- [restartedMain] d.s.w.p.DocumentationPluginsBootstrapper : Context refreshed
2019-04-29 09:21:01.191  INFO 2844 --- [restartedMain] d.s.w.p.DocumentationPluginsBootstrapper : Found 1 custom documentation plugin(s)
2019-04-29 09:21:01.201  INFO 2844 --- [restartedMain] s.d.s.w.s.ApiListingReferenceScanner     : Scanning for api listing references
2019-04-29 09:21:01.380  WARN 2844 --- [restartedMain] d.s.r.o.OperationImplicitParameterReader : Coercing to be of type string. This may not even be a scalar type in actuality
2019-04-29 09:21:01.390  WARN 2844 --- [restartedMain] d.s.r.o.OperationImplicitParameterReader : Coercing to be of type string. This may not even be a scalar type in actuality
2019-04-29 09:21:01.421  WARN 2844 --- [restartedMain] d.s.r.o.OperationImplicitParameterReader : Coercing to be of type string. This may not even be a scalar type in actuality
2019-04-29 09:21:01.421  WARN 2844 --- [restartedMain] d.s.r.o.OperationImplicitParameterReader : Coercing to be of type string. This may not even be a scalar type in actuality
2019-04-29 09:21:01.422  WARN 2844 --- [restartedMain] d.s.r.o.OperationImplicitParameterReader : Coercing to be of type string. This may not even be a scalar type in actuality
2019-04-29 09:21:01.422  WARN 2844 --- [restartedMain] d.s.r.o.OperationImplicitParameterReader : Coercing to be of type string. This may not even be a scalar type in actuality
2019-04-29 09:21:01.422  WARN 2844 --- [restartedMain] d.s.r.o.OperationImplicitParameterReader : Coercing to be of type string. This may not even be a scalar type in actuality
2019-04-29 09:21:01.455  WARN 2844 --- [restartedMain] d.s.r.o.OperationImplicitParameterReader : Coercing to be of type string. This may not even be a scalar type in actuality
2019-04-29 09:21:01.455  WARN 2844 --- [restartedMain] d.s.r.o.OperationImplicitParameterReader : Coercing to be of type string. This may not even be a scalar type in actuality
2019-04-29 09:21:01.455  WARN 2844 --- [restartedMain] d.s.r.o.OperationImplicitParameterReader : Coercing to be of type string. This may not even be a scalar type in actuality
2019-04-29 09:21:01.480  WARN 2844 --- [restartedMain] d.s.r.o.OperationImplicitParameterReader : Coercing to be of type string. This may not even be a scalar type in actuality
2019-04-29 09:21:01.480  WARN 2844 --- [restartedMain] d.s.r.o.OperationImplicitParameterReader : Coercing to be of type string. This may not even be a scalar type in actuality
2019-04-29 09:21:01.481  WARN 2844 --- [restartedMain] d.s.r.o.OperationImplicitParameterReader : Coercing to be of type string. This may not even be a scalar type in actuality
2019-04-29 09:21:01.520  WARN 2844 --- [restartedMain] d.s.r.o.OperationImplicitParameterReader : Coercing to be of type string. This may not even be a scalar type in actuality
2019-04-29 09:21:01.520  WARN 2844 --- [restartedMain] d.s.r.o.OperationImplicitParameterReader : Coercing to be of type string. This may not even be a scalar type in actuality
2019-04-29 09:21:01.521  WARN 2844 --- [restartedMain] d.s.r.o.OperationImplicitParameterReader : Coercing to be of type string. This may not even be a scalar type in actuality
2019-04-29 09:21:01.521  WARN 2844 --- [restartedMain] d.s.r.o.OperationImplicitParameterReader : Coercing to be of type string. This may not even be a scalar type in actuality
2019-04-29 09:21:01.521  WARN 2844 --- [restartedMain] d.s.r.o.OperationImplicitParameterReader : Coercing to be of type string. This may not even be a scalar type in actuality
2019-04-29 09:21:01.521  WARN 2844 --- [restartedMain] d.s.r.o.OperationImplicitParameterReader : Coercing to be of type string. This may not even be a scalar type in actuality
2019-04-29 09:21:01.539  INFO 2844 --- [restartedMain] .d.s.w.r.o.CachingOperationNameGenerator : Generating unique operation named: queryAllUsingGET_1
2019-04-29 09:21:01.547  INFO 2844 --- [restartedMain] .d.s.w.r.o.CachingOperationNameGenerator : Generating unique operation named: deleteUsingDELETE_1
2019-04-29 09:21:01.577  INFO 2844 --- [restartedMain] .d.s.w.r.o.CachingOperationNameGenerator : Generating unique operation named: saveUsingPOST_1
2019-04-29 09:21:01.708  INFO 2844 --- [restartedMain] .d.s.w.r.o.CachingOperationNameGenerator : Generating unique operation named: searchUsingGET_1
2019-04-29 09:21:01.802  INFO 2844 --- [restartedMain] o.s.b.w.embedded.tomcat.TomcatWebServer  : Tomcat started on port(s): 8088 (http) with context path ''
2019-04-29 09:21:01.819  INFO 2844 --- [restartedMain] com.sa.server.ServerApplication          : Started ServerApplication in 11.762 seconds (JVM running for 12.502)
2019-04-29 09:21:04.007  INFO 2844 --- [http-nio-8088-exec-9] o.a.c.c.C.[Tomcat].[localhost].[/]       : Initializing Spring DispatcherServlet 'dispatcherServlet'
2019-04-29 09:21:04.008  INFO 2844 --- [http-nio-8088-exec-9] o.s.web.servlet.DispatcherServlet        : Initializing Servlet 'dispatcherServlet'
2019-04-29 09:21:04.033  INFO 2844 --- [http-nio-8088-exec-9] o.s.web.servlet.DispatcherServlet        : Completed initialization in 25 ms
2019-04-29 09:21:04.052  INFO 2844 --- [http-nio-8088-exec-9] c.sa.server.filter.ShopAnyWhereIpFilter  : there is a request from ip:0:0:0:0:0:0:0:1
2019-04-29 09:21:04.168  INFO 2844 --- [http-nio-8088-exec-10] c.sa.server.filter.ShopAnyWhereIpFilter  : there is a request from ip:0:0:0:0:0:0:0:1
2019-04-29 09:21:04.188  INFO 2844 --- [http-nio-8088-exec-8] c.sa.server.filter.ShopAnyWhereIpFilter  : there is a request from ip:0:0:0:0:0:0:0:1
2019-04-29 09:21:04.302  INFO 2844 --- [http-nio-8088-exec-4] c.sa.server.filter.ShopAnyWhereIpFilter  : there is a request from ip:0:0:0:0:0:0:0:1
2019-04-29 09:21:04.314  INFO 2844 --- [http-nio-8088-exec-4] c.sa.server.filter.ShopAnyWhereIpFilter  : there is a request from ip:0:0:0:0:0:0:0:1
2019-04-29 09:21:04.328  INFO 2844 --- [http-nio-8088-exec-2] c.sa.server.filter.ShopAnyWhereIpFilter  : there is a request from ip:0:0:0:0:0:0:0:1
2019-04-29 09:21:18.110  INFO 2844 --- [http-nio-8088-exec-10] c.sa.server.filter.ShopAnyWhereIpFilter  : there is a request from ip:0:0:0:0:0:0:0:1
2019-04-29 09:21:18.143  INFO 2844 --- [http-nio-8088-exec-7] c.sa.server.filter.ShopAnyWhereIpFilter  : there is a request from ip:0:0:0:0:0:0:0:1
2019-04-29 09:21:18.165  INFO 2844 --- [http-nio-8088-exec-4] c.sa.server.filter.ShopAnyWhereIpFilter  : there is a request from ip:0:0:0:0:0:0:0:1
