2020-02-29 18:25:45.799  INFO 19380 --- [main] com.sa.server.ServerApplication          : Starting ServerApplication on MSI with PID 19380 (D:\server\out\production\classes started by SuccessZhang in D:\server)
2020-02-29 18:25:45.802  INFO 19380 --- [main] com.sa.server.ServerApplication          : No active profile set, falling back to default profiles: default
2020-02-29 18:25:46.540  INFO 19380 --- [main] .s.d.r.c.RepositoryConfigurationDelegate : Multiple Spring Data modules found, entering strict repository configuration mode!
2020-02-29 18:25:46.542  INFO 19380 --- [main] .s.d.r.c.RepositoryConfigurationDelegate : Bootstrapping Spring Data repositories in DEFAULT mode.
2020-02-29 18:25:46.574  INFO 19380 --- [main] .s.d.r.c.RepositoryConfigurationDelegate : Finished Spring Data repository scanning in 22ms. Found 0 repository interfaces.
2020-02-29 18:25:46.862  INFO 19380 --- [main] trationDelegate$BeanPostProcessorChecker : Bean 'org.springframework.transaction.annotation.ProxyTransactionManagementConfiguration' of type [org.springframework.transaction.annotation.ProxyTransactionManagementConfiguration$$EnhancerBySpringCGLIB$$16b2ca76] is not eligible for getting processed by all BeanPostProcessors (for example: not eligible for auto-proxying)
2020-02-29 18:25:47.147  INFO 19380 --- [main] o.s.b.w.embedded.tomcat.TomcatWebServer  : Tomcat initialized with port(s): 8088 (http)
2020-02-29 18:25:47.163  INFO 19380 --- [main] o.apache.catalina.core.StandardService   : Starting service [Tomcat]
2020-02-29 18:25:47.164  INFO 19380 --- [main] org.apache.catalina.core.StandardEngine  : Starting Servlet Engine: Apache Tomcat/9.0.13
2020-02-29 18:25:47.169  INFO 19380 --- [main] o.a.catalina.core.AprLifecycleListener   : The APR based Apache Tomcat Native library which allows optimal performance in production environments was not found on the java.library.path: [C:\Program Files\Java\jdk1.8.0_192\bin;C:\WINDOWS\Sun\Java\bin;C:\WINDOWS\system32;C:\WINDOWS;C:\Python27\;C:\Python27\Scripts;C:\Program Files (x86)\NetSarang\Xshell 6\;C:\Program Files (x86)\Intel\Intel(R) Management Engine Components\iCLS\;C:\Program Files\Intel\Intel(R) Management Engine Components\iCLS\;C:\Program Files (x86)\Common Files\Oracle\Java\javapath;C:\Windows\system32;C:\Windows;C:\Windows\System32\Wbem;C:\Windows\System32\WindowsPowerShell\v1.0\;C:\Program Files (x86)\NVIDIA Corporation\PhysX\Common;C:\WINDOWS\system32;C:\WINDOWS;C:\WINDOWS\System32\Wbem;C:\WINDOWS\System32\WindowsPowerShell\v1.0\;C:\WINDOWS\System32\OpenSSH\;C:\Program Files\Java\jdk1.8.0_192\bin;C:\Program Files\Java\jdk1.8.0_192\jre\bin;C:\Program Files (x86)\Common Files\Thunder Network\KanKan\Codecs;C:\Program Files\NVIDIA Corporation\NVIDIA NvDLISR;C:\Program Files (x86)\Intel\Intel(R) Management Engine Components\DAL;C:\Program Files\Intel\Intel(R) Management Engine Components\DAL;C:\Program Files (x86)\Intel\Intel(R) Management Engine Components\IPT;C:\Program Files\Intel\Intel(R) Management Engine Components\IPT;C:\ProgramData\chocolatey\bin;C:\Program Files\Redis\;C:\WINDOWS\system32;C:\WINDOWS;C:\WINDOWS\System32\Wbem;C:\WINDOWS\System32\WindowsPowerShell\v1.0\;C:\WINDOWS\System32\OpenSSH\;C:\Android;C:\Program Files\Intel\WiFi\bin\;C:\Program Files\Common Files\Intel\WirelessCommon\;C:\software\apache-maven-3.6.1\bin;C:\Program Files\Git\cmd;C:\Program Files\Git\mingw64\bin;C:\Program Files\Git\usr\bin;C:\Program Files\Java\jdk1.8.0_192\bin;C:\cygwin64\bin;C:\cygwin64\sbin;C:\cygwin64\usr\local\bin;C:\Users\SuccessZhang\ssh-gateway.exp;C:\Program Files\nodejs;C:\Program Files\nodejs\node_global;C:\Users\SuccessZhang\AppData\Local\Microsoft\WindowsApps;C:\software\apache-maven-3.6.0\bin;C:\Users\SuccessZhang\AppData\Local\BypassRuntm;C:\Users\SuccessZhang\AppData\Roaming\npm;C:\Users\SuccessZhang\AppData\Local\Microsoft\WindowsApps;.]
2020-02-29 18:25:47.306  INFO 19380 --- [main] o.a.c.c.C.[Tomcat].[localhost].[/]       : Initializing Spring embedded WebApplicationContext
2020-02-29 18:25:47.306  INFO 19380 --- [main] o.s.web.context.ContextLoader            : Root WebApplicationContext: initialization completed in 1461 ms
2020-02-29 18:25:47.599  INFO 19380 --- [main] c.a.d.s.b.a.DruidDataSourceAutoConfigure : Init DruidDataSource
2020-02-29 18:25:47.819  INFO 19380 --- [main] com.alibaba.druid.pool.DruidDataSource   : {dataSource-1} inited
2020-02-29 18:25:49.915  INFO 19380 --- [main] o.s.s.concurrent.ThreadPoolTaskExecutor  : Initializing ExecutorService 'applicationTaskExecutor'
2020-02-29 18:25:50.199  INFO 19380 --- [main] io.lettuce.core.EpollProvider            : Starting without optional epoll library
2020-02-29 18:25:50.200  INFO 19380 --- [main] io.lettuce.core.KqueueProvider           : Starting without optional kqueue library
2020-02-29 18:25:52.136  INFO 19380 --- [main] s.a.ScheduledAnnotationBeanPostProcessor : No TaskScheduler/ScheduledExecutorService bean found for scheduled processing
2020-02-29 18:25:52.140  INFO 19380 --- [main] d.s.w.p.DocumentationPluginsBootstrapper : Context refreshed
2020-02-29 18:25:52.152  INFO 19380 --- [main] d.s.w.p.DocumentationPluginsBootstrapper : Found 1 custom documentation plugin(s)
2020-02-29 18:25:52.159  INFO 19380 --- [main] s.d.s.w.s.ApiListingReferenceScanner     : Scanning for api listing references
2020-02-29 18:25:52.242  WARN 19380 --- [main] d.s.r.o.OperationImplicitParameterReader : Coercing to be of type string. This may not even be a scalar type in actuality
2020-02-29 18:25:52.244  WARN 19380 --- [main] d.s.r.o.OperationImplicitParameterReader : Coercing to be of type string. This may not even be a scalar type in actuality
2020-02-29 18:25:52.256  WARN 19380 --- [main] d.s.r.o.OperationImplicitParameterReader : Coercing to be of type string. This may not even be a scalar type in actuality
2020-02-29 18:25:52.256  WARN 19380 --- [main] d.s.r.o.OperationImplicitParameterReader : Coercing to be of type string. This may not even be a scalar type in actuality
2020-02-29 18:25:52.256  WARN 19380 --- [main] d.s.r.o.OperationImplicitParameterReader : Coercing to be of type string. This may not even be a scalar type in actuality
2020-02-29 18:25:52.256  WARN 19380 --- [main] d.s.r.o.OperationImplicitParameterReader : Coercing to be of type string. This may not even be a scalar type in actuality
2020-02-29 18:25:52.256  WARN 19380 --- [main] d.s.r.o.OperationImplicitParameterReader : Coercing to be of type string. This may not even be a scalar type in actuality
2020-02-29 18:25:52.264  WARN 19380 --- [main] d.s.r.o.OperationImplicitParameterReader : Coercing to be of type string. This may not even be a scalar type in actuality
2020-02-29 18:25:52.264  WARN 19380 --- [main] d.s.r.o.OperationImplicitParameterReader : Coercing to be of type string. This may not even be a scalar type in actuality
2020-02-29 18:25:52.264  WARN 19380 --- [main] d.s.r.o.OperationImplicitParameterReader : Coercing to be of type string. This may not even be a scalar type in actuality
2020-02-29 18:25:52.274  WARN 19380 --- [main] d.s.r.o.OperationImplicitParameterReader : Coercing to be of type string. This may not even be a scalar type in actuality
2020-02-29 18:25:52.274  WARN 19380 --- [main] d.s.r.o.OperationImplicitParameterReader : Coercing to be of type string. This may not even be a scalar type in actuality
2020-02-29 18:25:52.274  WARN 19380 --- [main] d.s.r.o.OperationImplicitParameterReader : Coercing to be of type string. This may not even be a scalar type in actuality
2020-02-29 18:25:52.284  WARN 19380 --- [main] d.s.r.o.OperationImplicitParameterReader : Coercing to be of type string. This may not even be a scalar type in actuality
2020-02-29 18:25:52.285  WARN 19380 --- [main] d.s.r.o.OperationImplicitParameterReader : Coercing to be of type string. This may not even be a scalar type in actuality
2020-02-29 18:25:52.285  WARN 19380 --- [main] d.s.r.o.OperationImplicitParameterReader : Coercing to be of type string. This may not even be a scalar type in actuality
2020-02-29 18:25:52.285  WARN 19380 --- [main] d.s.r.o.OperationImplicitParameterReader : Coercing to be of type string. This may not even be a scalar type in actuality
2020-02-29 18:25:52.285  WARN 19380 --- [main] d.s.r.o.OperationImplicitParameterReader : Coercing to be of type string. This may not even be a scalar type in actuality
2020-02-29 18:25:52.285  WARN 19380 --- [main] d.s.r.o.OperationImplicitParameterReader : Coercing to be of type string. This may not even be a scalar type in actuality
2020-02-29 18:25:52.290  INFO 19380 --- [main] .d.s.w.r.o.CachingOperationNameGenerator : Generating unique operation named: queryAllUsingGET_1
2020-02-29 18:25:52.293  INFO 19380 --- [main] .d.s.w.r.o.CachingOperationNameGenerator : Generating unique operation named: deleteUsingDELETE_1
2020-02-29 18:25:52.330  INFO 19380 --- [main] o.s.b.w.embedded.tomcat.TomcatWebServer  : Tomcat started on port(s): 8088 (http) with context path ''
2020-02-29 18:25:52.333  INFO 19380 --- [main] com.sa.server.ServerApplication          : Started ServerApplication in 6.916 seconds (JVM running for 8.18)
2020-02-29 18:26:32.796  INFO 19380 --- [Thread-16] o.s.s.concurrent.ThreadPoolTaskExecutor  : Shutting down ExecutorService 'applicationTaskExecutor'
2020-02-29 18:26:32.799  INFO 19380 --- [Thread-16] com.alibaba.druid.pool.DruidDataSource   : {dataSource-1} closed
2020-02-29 18:27:04.736  INFO 2148 --- [main] com.sa.server.ServerApplication          : Starting ServerApplication on MSI with PID 2148 (D:\server\out\production\classes started by SuccessZhang in D:\server)
2020-02-29 18:27:04.740  INFO 2148 --- [main] com.sa.server.ServerApplication          : No active profile set, falling back to default profiles: default
2020-02-29 18:27:05.592  INFO 2148 --- [main] .s.d.r.c.RepositoryConfigurationDelegate : Multiple Spring Data modules found, entering strict repository configuration mode!
2020-02-29 18:27:05.594  INFO 2148 --- [main] .s.d.r.c.RepositoryConfigurationDelegate : Bootstrapping Spring Data repositories in DEFAULT mode.
2020-02-29 18:27:05.624  INFO 2148 --- [main] .s.d.r.c.RepositoryConfigurationDelegate : Finished Spring Data repository scanning in 22ms. Found 0 repository interfaces.
2020-02-29 18:27:05.883  INFO 2148 --- [main] trationDelegate$BeanPostProcessorChecker : Bean 'org.springframework.transaction.annotation.ProxyTransactionManagementConfiguration' of type [org.springframework.transaction.annotation.ProxyTransactionManagementConfiguration$$EnhancerBySpringCGLIB$$b6241bf5] is not eligible for getting processed by all BeanPostProcessors (for example: not eligible for auto-proxying)
2020-02-29 18:27:06.109  INFO 2148 --- [main] o.s.b.w.embedded.tomcat.TomcatWebServer  : Tomcat initialized with port(s): 8088 (http)
2020-02-29 18:27:06.123  INFO 2148 --- [main] o.apache.catalina.core.StandardService   : Starting service [Tomcat]
2020-02-29 18:27:06.123  INFO 2148 --- [main] org.apache.catalina.core.StandardEngine  : Starting Servlet Engine: Apache Tomcat/9.0.13
2020-02-29 18:27:06.128  INFO 2148 --- [main] o.a.catalina.core.AprLifecycleListener   : The APR based Apache Tomcat Native library which allows optimal performance in production environments was not found on the java.library.path: [C:\Program Files\Java\jdk1.8.0_192\bin;C:\WINDOWS\Sun\Java\bin;C:\WINDOWS\system32;C:\WINDOWS;C:\Python27\;C:\Python27\Scripts;C:\Program Files (x86)\NetSarang\Xshell 6\;C:\Program Files (x86)\Intel\Intel(R) Management Engine Components\iCLS\;C:\Program Files\Intel\Intel(R) Management Engine Components\iCLS\;C:\Program Files (x86)\Common Files\Oracle\Java\javapath;C:\Windows\system32;C:\Windows;C:\Windows\System32\Wbem;C:\Windows\System32\WindowsPowerShell\v1.0\;C:\Program Files (x86)\NVIDIA Corporation\PhysX\Common;C:\WINDOWS\system32;C:\WINDOWS;C:\WINDOWS\System32\Wbem;C:\WINDOWS\System32\WindowsPowerShell\v1.0\;C:\WINDOWS\System32\OpenSSH\;C:\Program Files\Java\jdk1.8.0_192\bin;C:\Program Files\Java\jdk1.8.0_192\jre\bin;C:\Program Files (x86)\Common Files\Thunder Network\KanKan\Codecs;C:\Program Files\NVIDIA Corporation\NVIDIA NvDLISR;C:\Program Files (x86)\Intel\Intel(R) Management Engine Components\DAL;C:\Program Files\Intel\Intel(R) Management Engine Components\DAL;C:\Program Files (x86)\Intel\Intel(R) Management Engine Components\IPT;C:\Program Files\Intel\Intel(R) Management Engine Components\IPT;C:\ProgramData\chocolatey\bin;C:\Program Files\Redis\;C:\WINDOWS\system32;C:\WINDOWS;C:\WINDOWS\System32\Wbem;C:\WINDOWS\System32\WindowsPowerShell\v1.0\;C:\WINDOWS\System32\OpenSSH\;C:\Android;C:\Program Files\Intel\WiFi\bin\;C:\Program Files\Common Files\Intel\WirelessCommon\;C:\software\apache-maven-3.6.1\bin;C:\Program Files\Git\cmd;C:\Program Files\Git\mingw64\bin;C:\Program Files\Git\usr\bin;C:\Program Files\Java\jdk1.8.0_192\bin;C:\cygwin64\bin;C:\cygwin64\sbin;C:\cygwin64\usr\local\bin;C:\Users\SuccessZhang\ssh-gateway.exp;C:\Program Files\nodejs;C:\Program Files\nodejs\node_global;C:\Users\SuccessZhang\AppData\Local\Microsoft\WindowsApps;C:\software\apache-maven-3.6.0\bin;C:\Users\SuccessZhang\AppData\Local\BypassRuntm;C:\Users\SuccessZhang\AppData\Roaming\npm;C:\Users\SuccessZhang\AppData\Local\Microsoft\WindowsApps;.]
2020-02-29 18:27:06.225  INFO 2148 --- [main] o.a.c.c.C.[Tomcat].[localhost].[/]       : Initializing Spring embedded WebApplicationContext
2020-02-29 18:27:06.225  INFO 2148 --- [main] o.s.web.context.ContextLoader            : Root WebApplicationContext: initialization completed in 1431 ms
2020-02-29 18:27:06.520  INFO 2148 --- [main] c.a.d.s.b.a.DruidDataSourceAutoConfigure : Init DruidDataSource
2020-02-29 18:27:06.721  INFO 2148 --- [main] com.alibaba.druid.pool.DruidDataSource   : {dataSource-1} inited
2020-02-29 18:27:08.733  INFO 2148 --- [main] o.s.s.concurrent.ThreadPoolTaskExecutor  : Initializing ExecutorService 'applicationTaskExecutor'
2020-02-29 18:27:08.977  INFO 2148 --- [main] io.lettuce.core.EpollProvider            : Starting without optional epoll library
2020-02-29 18:27:08.978  INFO 2148 --- [main] io.lettuce.core.KqueueProvider           : Starting without optional kqueue library
2020-02-29 18:27:10.831  INFO 2148 --- [main] s.a.ScheduledAnnotationBeanPostProcessor : No TaskScheduler/ScheduledExecutorService bean found for scheduled processing
2020-02-29 18:27:10.835  INFO 2148 --- [main] d.s.w.p.DocumentationPluginsBootstrapper : Context refreshed
2020-02-29 18:27:10.844  INFO 2148 --- [main] d.s.w.p.DocumentationPluginsBootstrapper : Found 1 custom documentation plugin(s)
2020-02-29 18:27:10.851  INFO 2148 --- [main] s.d.s.w.s.ApiListingReferenceScanner     : Scanning for api listing references
2020-02-29 18:27:10.923  WARN 2148 --- [main] d.s.r.o.OperationImplicitParameterReader : Coercing to be of type string. This may not even be a scalar type in actuality
2020-02-29 18:27:10.926  WARN 2148 --- [main] d.s.r.o.OperationImplicitParameterReader : Coercing to be of type string. This may not even be a scalar type in actuality
2020-02-29 18:27:10.936  WARN 2148 --- [main] d.s.r.o.OperationImplicitParameterReader : Coercing to be of type string. This may not even be a scalar type in actuality
2020-02-29 18:27:10.936  WARN 2148 --- [main] d.s.r.o.OperationImplicitParameterReader : Coercing to be of type string. This may not even be a scalar type in actuality
2020-02-29 18:27:10.936  WARN 2148 --- [main] d.s.r.o.OperationImplicitParameterReader : Coercing to be of type string. This may not even be a scalar type in actuality
2020-02-29 18:27:10.936  WARN 2148 --- [main] d.s.r.o.OperationImplicitParameterReader : Coercing to be of type string. This may not even be a scalar type in actuality
2020-02-29 18:27:10.936  WARN 2148 --- [main] d.s.r.o.OperationImplicitParameterReader : Coercing to be of type string. This may not even be a scalar type in actuality
2020-02-29 18:27:10.944  WARN 2148 --- [main] d.s.r.o.OperationImplicitParameterReader : Coercing to be of type string. This may not even be a scalar type in actuality
2020-02-29 18:27:10.944  WARN 2148 --- [main] d.s.r.o.OperationImplicitParameterReader : Coercing to be of type string. This may not even be a scalar type in actuality
2020-02-29 18:27:10.944  WARN 2148 --- [main] d.s.r.o.OperationImplicitParameterReader : Coercing to be of type string. This may not even be a scalar type in actuality
2020-02-29 18:27:10.954  WARN 2148 --- [main] d.s.r.o.OperationImplicitParameterReader : Coercing to be of type string. This may not even be a scalar type in actuality
2020-02-29 18:27:10.954  WARN 2148 --- [main] d.s.r.o.OperationImplicitParameterReader : Coercing to be of type string. This may not even be a scalar type in actuality
2020-02-29 18:27:10.954  WARN 2148 --- [main] d.s.r.o.OperationImplicitParameterReader : Coercing to be of type string. This may not even be a scalar type in actuality
2020-02-29 18:27:10.963  WARN 2148 --- [main] d.s.r.o.OperationImplicitParameterReader : Coercing to be of type string. This may not even be a scalar type in actuality
2020-02-29 18:27:10.963  WARN 2148 --- [main] d.s.r.o.OperationImplicitParameterReader : Coercing to be of type string. This may not even be a scalar type in actuality
2020-02-29 18:27:10.963  WARN 2148 --- [main] d.s.r.o.OperationImplicitParameterReader : Coercing to be of type string. This may not even be a scalar type in actuality
2020-02-29 18:27:10.963  WARN 2148 --- [main] d.s.r.o.OperationImplicitParameterReader : Coercing to be of type string. This may not even be a scalar type in actuality
2020-02-29 18:27:10.963  WARN 2148 --- [main] d.s.r.o.OperationImplicitParameterReader : Coercing to be of type string. This may not even be a scalar type in actuality
2020-02-29 18:27:10.963  WARN 2148 --- [main] d.s.r.o.OperationImplicitParameterReader : Coercing to be of type string. This may not even be a scalar type in actuality
2020-02-29 18:27:10.967  INFO 2148 --- [main] .d.s.w.r.o.CachingOperationNameGenerator : Generating unique operation named: queryAllUsingGET_1
2020-02-29 18:27:10.971  INFO 2148 --- [main] .d.s.w.r.o.CachingOperationNameGenerator : Generating unique operation named: deleteUsingDELETE_1
2020-02-29 18:27:11.004  INFO 2148 --- [main] o.s.b.w.embedded.tomcat.TomcatWebServer  : Tomcat started on port(s): 8088 (http) with context path ''
2020-02-29 18:27:11.006  INFO 2148 --- [main] com.sa.server.ServerApplication          : Started ServerApplication in 6.657 seconds (JVM running for 7.887)
2020-02-29 18:32:21.228  INFO 5244 --- [main] com.sa.server.ServerApplication          : Starting ServerApplication on MSI with PID 5244 (D:\server\out\production\classes started by SuccessZhang in D:\server)
2020-02-29 18:32:21.230  INFO 5244 --- [main] com.sa.server.ServerApplication          : No active profile set, falling back to default profiles: default
2020-02-29 18:32:21.976  INFO 5244 --- [main] .s.d.r.c.RepositoryConfigurationDelegate : Multiple Spring Data modules found, entering strict repository configuration mode!
2020-02-29 18:32:21.978  INFO 5244 --- [main] .s.d.r.c.RepositoryConfigurationDelegate : Bootstrapping Spring Data repositories in DEFAULT mode.
2020-02-29 18:32:22.017  INFO 5244 --- [main] .s.d.r.c.RepositoryConfigurationDelegate : Finished Spring Data repository scanning in 28ms. Found 0 repository interfaces.
2020-02-29 18:32:22.283  INFO 5244 --- [main] trationDelegate$BeanPostProcessorChecker : Bean 'org.springframework.transaction.annotation.ProxyTransactionManagementConfiguration' of type [org.springframework.transaction.annotation.ProxyTransactionManagementConfiguration$$EnhancerBySpringCGLIB$$9e97b4e0] is not eligible for getting processed by all BeanPostProcessors (for example: not eligible for auto-proxying)
2020-02-29 18:32:22.522  INFO 5244 --- [main] o.s.b.w.embedded.tomcat.TomcatWebServer  : Tomcat initialized with port(s): 8088 (http)
2020-02-29 18:32:22.539  INFO 5244 --- [main] o.apache.catalina.core.StandardService   : Starting service [Tomcat]
2020-02-29 18:32:22.539  INFO 5244 --- [main] org.apache.catalina.core.StandardEngine  : Starting Servlet Engine: Apache Tomcat/9.0.13
2020-02-29 18:32:22.544  INFO 5244 --- [main] o.a.catalina.core.AprLifecycleListener   : The APR based Apache Tomcat Native library which allows optimal performance in production environments was not found on the java.library.path: [C:\Program Files\Java\jdk1.8.0_192\bin;C:\WINDOWS\Sun\Java\bin;C:\WINDOWS\system32;C:\WINDOWS;C:\Python27\;C:\Python27\Scripts;C:\Program Files (x86)\NetSarang\Xshell 6\;C:\Program Files (x86)\Intel\Intel(R) Management Engine Components\iCLS\;C:\Program Files\Intel\Intel(R) Management Engine Components\iCLS\;C:\Program Files (x86)\Common Files\Oracle\Java\javapath;C:\Windows\system32;C:\Windows;C:\Windows\System32\Wbem;C:\Windows\System32\WindowsPowerShell\v1.0\;C:\Program Files (x86)\NVIDIA Corporation\PhysX\Common;C:\WINDOWS\system32;C:\WINDOWS;C:\WINDOWS\System32\Wbem;C:\WINDOWS\System32\WindowsPowerShell\v1.0\;C:\WINDOWS\System32\OpenSSH\;C:\Program Files\Java\jdk1.8.0_192\bin;C:\Program Files\Java\jdk1.8.0_192\jre\bin;C:\Program Files (x86)\Common Files\Thunder Network\KanKan\Codecs;C:\Program Files\NVIDIA Corporation\NVIDIA NvDLISR;C:\Program Files (x86)\Intel\Intel(R) Management Engine Components\DAL;C:\Program Files\Intel\Intel(R) Management Engine Components\DAL;C:\Program Files (x86)\Intel\Intel(R) Management Engine Components\IPT;C:\Program Files\Intel\Intel(R) Management Engine Components\IPT;C:\ProgramData\chocolatey\bin;C:\Program Files\Redis\;C:\WINDOWS\system32;C:\WINDOWS;C:\WINDOWS\System32\Wbem;C:\WINDOWS\System32\WindowsPowerShell\v1.0\;C:\WINDOWS\System32\OpenSSH\;C:\Android;C:\Program Files\Intel\WiFi\bin\;C:\Program Files\Common Files\Intel\WirelessCommon\;C:\software\apache-maven-3.6.1\bin;C:\Program Files\Git\cmd;C:\Program Files\Git\mingw64\bin;C:\Program Files\Git\usr\bin;C:\Program Files\Java\jdk1.8.0_192\bin;C:\cygwin64\bin;C:\cygwin64\sbin;C:\cygwin64\usr\local\bin;C:\Users\SuccessZhang\ssh-gateway.exp;C:\Program Files\nodejs;C:\Program Files\nodejs\node_global;C:\Users\SuccessZhang\AppData\Local\Microsoft\WindowsApps;C:\software\apache-maven-3.6.0\bin;C:\Users\SuccessZhang\AppData\Local\BypassRuntm;C:\Users\SuccessZhang\AppData\Roaming\npm;C:\Users\SuccessZhang\AppData\Local\Microsoft\WindowsApps;.]
2020-02-29 18:32:22.683  INFO 5244 --- [main] o.a.c.c.C.[Tomcat].[localhost].[/]       : Initializing Spring embedded WebApplicationContext
2020-02-29 18:32:22.683  INFO 5244 --- [main] o.s.web.context.ContextLoader            : Root WebApplicationContext: initialization completed in 1417 ms
2020-02-29 18:34:33.736  INFO 16064 --- [main] com.sa.server.ServerApplication          : Starting ServerApplication on MSI with PID 16064 (D:\server\out\production\classes started by SuccessZhang in D:\server)
2020-02-29 18:34:33.739  INFO 16064 --- [main] com.sa.server.ServerApplication          : No active profile set, falling back to default profiles: default
2020-02-29 18:34:34.503  INFO 16064 --- [main] .s.d.r.c.RepositoryConfigurationDelegate : Multiple Spring Data modules found, entering strict repository configuration mode!
2020-02-29 18:34:34.505  INFO 16064 --- [main] .s.d.r.c.RepositoryConfigurationDelegate : Bootstrapping Spring Data repositories in DEFAULT mode.
2020-02-29 18:34:34.539  INFO 16064 --- [main] .s.d.r.c.RepositoryConfigurationDelegate : Finished Spring Data repository scanning in 23ms. Found 0 repository interfaces.
2020-02-29 18:34:34.826  INFO 16064 --- [main] trationDelegate$BeanPostProcessorChecker : Bean 'org.springframework.transaction.annotation.ProxyTransactionManagementConfiguration' of type [org.springframework.transaction.annotation.ProxyTransactionManagementConfiguration$$EnhancerBySpringCGLIB$$75f890d4] is not eligible for getting processed by all BeanPostProcessors (for example: not eligible for auto-proxying)
2020-02-29 18:34:35.069  INFO 16064 --- [main] o.s.b.w.embedded.tomcat.TomcatWebServer  : Tomcat initialized with port(s): 8088 (http)
2020-02-29 18:34:35.085  INFO 16064 --- [main] o.apache.catalina.core.StandardService   : Starting service [Tomcat]
2020-02-29 18:34:35.085  INFO 16064 --- [main] org.apache.catalina.core.StandardEngine  : Starting Servlet Engine: Apache Tomcat/9.0.13
2020-02-29 18:34:35.091  INFO 16064 --- [main] o.a.catalina.core.AprLifecycleListener   : The APR based Apache Tomcat Native library which allows optimal performance in production environments was not found on the java.library.path: [C:\Program Files\Java\jdk1.8.0_192\bin;C:\WINDOWS\Sun\Java\bin;C:\WINDOWS\system32;C:\WINDOWS;C:\Python27\;C:\Python27\Scripts;C:\Program Files (x86)\NetSarang\Xshell 6\;C:\Program Files (x86)\Intel\Intel(R) Management Engine Components\iCLS\;C:\Program Files\Intel\Intel(R) Management Engine Components\iCLS\;C:\Program Files (x86)\Common Files\Oracle\Java\javapath;C:\Windows\system32;C:\Windows;C:\Windows\System32\Wbem;C:\Windows\System32\WindowsPowerShell\v1.0\;C:\Program Files (x86)\NVIDIA Corporation\PhysX\Common;C:\WINDOWS\system32;C:\WINDOWS;C:\WINDOWS\System32\Wbem;C:\WINDOWS\System32\WindowsPowerShell\v1.0\;C:\WINDOWS\System32\OpenSSH\;C:\Program Files\Java\jdk1.8.0_192\bin;C:\Program Files\Java\jdk1.8.0_192\jre\bin;C:\Program Files (x86)\Common Files\Thunder Network\KanKan\Codecs;C:\Program Files\NVIDIA Corporation\NVIDIA NvDLISR;C:\Program Files (x86)\Intel\Intel(R) Management Engine Components\DAL;C:\Program Files\Intel\Intel(R) Management Engine Components\DAL;C:\Program Files (x86)\Intel\Intel(R) Management Engine Components\IPT;C:\Program Files\Intel\Intel(R) Management Engine Components\IPT;C:\ProgramData\chocolatey\bin;C:\Program Files\Redis\;C:\WINDOWS\system32;C:\WINDOWS;C:\WINDOWS\System32\Wbem;C:\WINDOWS\System32\WindowsPowerShell\v1.0\;C:\WINDOWS\System32\OpenSSH\;C:\Android;C:\Program Files\Intel\WiFi\bin\;C:\Program Files\Common Files\Intel\WirelessCommon\;C:\software\apache-maven-3.6.1\bin;C:\Program Files\Git\cmd;C:\Program Files\Git\mingw64\bin;C:\Program Files\Git\usr\bin;C:\Program Files\Java\jdk1.8.0_192\bin;C:\cygwin64\bin;C:\cygwin64\sbin;C:\cygwin64\usr\local\bin;C:\Users\SuccessZhang\ssh-gateway.exp;C:\Program Files\nodejs;C:\Program Files\nodejs\node_global;C:\Users\SuccessZhang\AppData\Local\Microsoft\WindowsApps;C:\software\apache-maven-3.6.0\bin;C:\Users\SuccessZhang\AppData\Local\BypassRuntm;C:\Users\SuccessZhang\AppData\Roaming\npm;C:\Users\SuccessZhang\AppData\Local\Microsoft\WindowsApps;.]
2020-02-29 18:34:35.230  INFO 16064 --- [main] o.a.c.c.C.[Tomcat].[localhost].[/]       : Initializing Spring embedded WebApplicationContext
2020-02-29 18:34:35.230  INFO 16064 --- [main] o.s.web.context.ContextLoader            : Root WebApplicationContext: initialization completed in 1456 ms
2020-02-29 18:34:35.520  INFO 16064 --- [main] c.a.d.s.b.a.DruidDataSourceAutoConfigure : Init DruidDataSource
2020-02-29 18:34:35.738  INFO 16064 --- [main] com.alibaba.druid.pool.DruidDataSource   : {dataSource-1} inited
2020-02-29 18:34:37.903  INFO 16064 --- [main] o.s.s.concurrent.ThreadPoolTaskExecutor  : Initializing ExecutorService 'applicationTaskExecutor'
2020-02-29 18:34:38.187  INFO 16064 --- [main] io.lettuce.core.EpollProvider            : Starting without optional epoll library
2020-02-29 18:34:38.188  INFO 16064 --- [main] io.lettuce.core.KqueueProvider           : Starting without optional kqueue library
2020-02-29 18:34:40.108  INFO 16064 --- [main] s.a.ScheduledAnnotationBeanPostProcessor : No TaskScheduler/ScheduledExecutorService bean found for scheduled processing
2020-02-29 18:34:40.113  INFO 16064 --- [main] d.s.w.p.DocumentationPluginsBootstrapper : Context refreshed
2020-02-29 18:34:40.124  INFO 16064 --- [main] d.s.w.p.DocumentationPluginsBootstrapper : Found 1 custom documentation plugin(s)
2020-02-29 18:34:40.132  INFO 16064 --- [main] s.d.s.w.s.ApiListingReferenceScanner     : Scanning for api listing references
2020-02-29 18:34:40.215  WARN 16064 --- [main] d.s.r.o.OperationImplicitParameterReader : Coercing to be of type string. This may not even be a scalar type in actuality
2020-02-29 18:34:40.218  WARN 16064 --- [main] d.s.r.o.OperationImplicitParameterReader : Coercing to be of type string. This may not even be a scalar type in actuality
2020-02-29 18:34:40.229  WARN 16064 --- [main] d.s.r.o.OperationImplicitParameterReader : Coercing to be of type string. This may not even be a scalar type in actuality
2020-02-29 18:34:40.229  WARN 16064 --- [main] d.s.r.o.OperationImplicitParameterReader : Coercing to be of type string. This may not even be a scalar type in actuality
2020-02-29 18:34:40.229  WARN 16064 --- [main] d.s.r.o.OperationImplicitParameterReader : Coercing to be of type string. This may not even be a scalar type in actuality
2020-02-29 18:34:40.229  WARN 16064 --- [main] d.s.r.o.OperationImplicitParameterReader : Coercing to be of type string. This may not even be a scalar type in actuality
2020-02-29 18:34:40.229  WARN 16064 --- [main] d.s.r.o.OperationImplicitParameterReader : Coercing to be of type string. This may not even be a scalar type in actuality
2020-02-29 18:34:40.238  WARN 16064 --- [main] d.s.r.o.OperationImplicitParameterReader : Coercing to be of type string. This may not even be a scalar type in actuality
2020-02-29 18:34:40.238  WARN 16064 --- [main] d.s.r.o.OperationImplicitParameterReader : Coercing to be of type string. This may not even be a scalar type in actuality
2020-02-29 18:34:40.238  WARN 16064 --- [main] d.s.r.o.OperationImplicitParameterReader : Coercing to be of type string. This may not even be a scalar type in actuality
2020-02-29 18:34:40.247  WARN 16064 --- [main] d.s.r.o.OperationImplicitParameterReader : Coercing to be of type string. This may not even be a scalar type in actuality
2020-02-29 18:34:40.248  WARN 16064 --- [main] d.s.r.o.OperationImplicitParameterReader : Coercing to be of type string. This may not even be a scalar type in actuality
2020-02-29 18:34:40.248  WARN 16064 --- [main] d.s.r.o.OperationImplicitParameterReader : Coercing to be of type string. This may not even be a scalar type in actuality
2020-02-29 18:34:40.258  WARN 16064 --- [main] d.s.r.o.OperationImplicitParameterReader : Coercing to be of type string. This may not even be a scalar type in actuality
2020-02-29 18:34:40.258  WARN 16064 --- [main] d.s.r.o.OperationImplicitParameterReader : Coercing to be of type string. This may not even be a scalar type in actuality
2020-02-29 18:34:40.258  WARN 16064 --- [main] d.s.r.o.OperationImplicitParameterReader : Coercing to be of type string. This may not even be a scalar type in actuality
2020-02-29 18:34:40.258  WARN 16064 --- [main] d.s.r.o.OperationImplicitParameterReader : Coercing to be of type string. This may not even be a scalar type in actuality
2020-02-29 18:34:40.258  WARN 16064 --- [main] d.s.r.o.OperationImplicitParameterReader : Coercing to be of type string. This may not even be a scalar type in actuality
2020-02-29 18:34:40.258  WARN 16064 --- [main] d.s.r.o.OperationImplicitParameterReader : Coercing to be of type string. This may not even be a scalar type in actuality
2020-02-29 18:34:40.263  INFO 16064 --- [main] .d.s.w.r.o.CachingOperationNameGenerator : Generating unique operation named: queryAllUsingGET_1
2020-02-29 18:34:40.267  INFO 16064 --- [main] .d.s.w.r.o.CachingOperationNameGenerator : Generating unique operation named: deleteUsingDELETE_1
2020-02-29 18:34:40.303  INFO 16064 --- [main] o.s.b.w.embedded.tomcat.TomcatWebServer  : Tomcat started on port(s): 8088 (http) with context path ''
2020-02-29 18:34:40.305  INFO 16064 --- [main] com.sa.server.ServerApplication          : Started ServerApplication in 6.879 seconds (JVM running for 8.605)
2020-02-29 18:34:53.477  INFO 16064 --- [Thread-15] o.s.s.concurrent.ThreadPoolTaskExecutor  : Shutting down ExecutorService 'applicationTaskExecutor'
2020-02-29 18:34:53.480  INFO 16064 --- [Thread-15] com.alibaba.druid.pool.DruidDataSource   : {dataSource-1} closed
2020-02-29 18:38:07.072  INFO 15352 --- [main] com.sa.server.ServerApplication          : Starting ServerApplication on MSI with PID 15352 (D:\server\out\production\classes started by SuccessZhang in D:\server)
2020-02-29 18:38:07.076  INFO 15352 --- [main] com.sa.server.ServerApplication          : No active profile set, falling back to default profiles: default
2020-02-29 18:38:07.894  INFO 15352 --- [main] .s.d.r.c.RepositoryConfigurationDelegate : Multiple Spring Data modules found, entering strict repository configuration mode!
2020-02-29 18:38:07.896  INFO 15352 --- [main] .s.d.r.c.RepositoryConfigurationDelegate : Bootstrapping Spring Data repositories in DEFAULT mode.
2020-02-29 18:38:07.930  INFO 15352 --- [main] .s.d.r.c.RepositoryConfigurationDelegate : Finished Spring Data repository scanning in 23ms. Found 0 repository interfaces.
2020-02-29 18:38:08.237  INFO 15352 --- [main] trationDelegate$BeanPostProcessorChecker : Bean 'org.springframework.transaction.annotation.ProxyTransactionManagementConfiguration' of type [org.springframework.transaction.annotation.ProxyTransactionManagementConfiguration$$EnhancerBySpringCGLIB$$e53886c3] is not eligible for getting processed by all BeanPostProcessors (for example: not eligible for auto-proxying)
2020-02-29 18:38:08.504  INFO 15352 --- [main] o.s.b.w.embedded.tomcat.TomcatWebServer  : Tomcat initialized with port(s): 8088 (http)
2020-02-29 18:38:08.522  INFO 15352 --- [main] o.apache.catalina.core.StandardService   : Starting service [Tomcat]
2020-02-29 18:38:08.522  INFO 15352 --- [main] org.apache.catalina.core.StandardEngine  : Starting Servlet Engine: Apache Tomcat/9.0.13
2020-02-29 18:38:08.528  INFO 15352 --- [main] o.a.catalina.core.AprLifecycleListener   : The APR based Apache Tomcat Native library which allows optimal performance in production environments was not found on the java.library.path: [C:\Program Files\Java\jdk1.8.0_192\bin;C:\WINDOWS\Sun\Java\bin;C:\WINDOWS\system32;C:\WINDOWS;C:\Python27\;C:\Python27\Scripts;C:\Program Files (x86)\NetSarang\Xshell 6\;C:\Program Files (x86)\Intel\Intel(R) Management Engine Components\iCLS\;C:\Program Files\Intel\Intel(R) Management Engine Components\iCLS\;C:\Program Files (x86)\Common Files\Oracle\Java\javapath;C:\Windows\system32;C:\Windows;C:\Windows\System32\Wbem;C:\Windows\System32\WindowsPowerShell\v1.0\;C:\Program Files (x86)\NVIDIA Corporation\PhysX\Common;C:\WINDOWS\system32;C:\WINDOWS;C:\WINDOWS\System32\Wbem;C:\WINDOWS\System32\WindowsPowerShell\v1.0\;C:\WINDOWS\System32\OpenSSH\;C:\Program Files\Java\jdk1.8.0_192\bin;C:\Program Files\Java\jdk1.8.0_192\jre\bin;C:\Program Files (x86)\Common Files\Thunder Network\KanKan\Codecs;C:\Program Files\NVIDIA Corporation\NVIDIA NvDLISR;C:\Program Files (x86)\Intel\Intel(R) Management Engine Components\DAL;C:\Program Files\Intel\Intel(R) Management Engine Components\DAL;C:\Program Files (x86)\Intel\Intel(R) Management Engine Components\IPT;C:\Program Files\Intel\Intel(R) Management Engine Components\IPT;C:\ProgramData\chocolatey\bin;C:\Program Files\Redis\;C:\WINDOWS\system32;C:\WINDOWS;C:\WINDOWS\System32\Wbem;C:\WINDOWS\System32\WindowsPowerShell\v1.0\;C:\WINDOWS\System32\OpenSSH\;C:\Android;C:\Program Files\Intel\WiFi\bin\;C:\Program Files\Common Files\Intel\WirelessCommon\;C:\software\apache-maven-3.6.1\bin;C:\Program Files\Git\cmd;C:\Program Files\Git\mingw64\bin;C:\Program Files\Git\usr\bin;C:\Program Files\Java\jdk1.8.0_192\bin;C:\cygwin64\bin;C:\cygwin64\sbin;C:\cygwin64\usr\local\bin;C:\Users\SuccessZhang\ssh-gateway.exp;C:\Program Files\nodejs;C:\Program Files\nodejs\node_global;C:\Users\SuccessZhang\AppData\Local\Microsoft\WindowsApps;C:\software\apache-maven-3.6.0\bin;C:\Users\SuccessZhang\AppData\Local\BypassRuntm;C:\Users\SuccessZhang\AppData\Roaming\npm;C:\Users\SuccessZhang\AppData\Local\Microsoft\WindowsApps;.]
2020-02-29 18:38:08.679  INFO 15352 --- [main] o.a.c.c.C.[Tomcat].[localhost].[/]       : Initializing Spring embedded WebApplicationContext
2020-02-29 18:38:08.679  INFO 15352 --- [main] o.s.web.context.ContextLoader            : Root WebApplicationContext: initialization completed in 1555 ms
2020-02-29 18:38:08.981  INFO 15352 --- [main] c.a.d.s.b.a.DruidDataSourceAutoConfigure : Init DruidDataSource
2020-02-29 18:38:09.200  INFO 15352 --- [main] com.alibaba.druid.pool.DruidDataSource   : {dataSource-1} inited
2020-02-29 18:54:22.048  INFO 18624 --- [main] com.sa.server.ServerApplication          : Starting ServerApplication on MSI with PID 18624 (D:\server\out\production\classes started by SuccessZhang in D:\server)
2020-02-29 18:54:22.052  INFO 18624 --- [main] com.sa.server.ServerApplication          : No active profile set, falling back to default profiles: default
2020-02-29 18:54:22.761  INFO 18624 --- [main] .s.d.r.c.RepositoryConfigurationDelegate : Multiple Spring Data modules found, entering strict repository configuration mode!
2020-02-29 18:54:22.762  INFO 18624 --- [main] .s.d.r.c.RepositoryConfigurationDelegate : Bootstrapping Spring Data repositories in DEFAULT mode.
2020-02-29 18:54:22.795  INFO 18624 --- [main] .s.d.r.c.RepositoryConfigurationDelegate : Finished Spring Data repository scanning in 24ms. Found 0 repository interfaces.
2020-02-29 18:54:23.079  INFO 18624 --- [main] trationDelegate$BeanPostProcessorChecker : Bean 'org.springframework.transaction.annotation.ProxyTransactionManagementConfiguration' of type [org.springframework.transaction.annotation.ProxyTransactionManagementConfiguration$$EnhancerBySpringCGLIB$$3817a175] is not eligible for getting processed by all BeanPostProcessors (for example: not eligible for auto-proxying)
2020-02-29 18:54:23.314  INFO 18624 --- [main] o.s.b.w.embedded.tomcat.TomcatWebServer  : Tomcat initialized with port(s): 8088 (http)
2020-02-29 18:54:23.331  INFO 18624 --- [main] o.apache.catalina.core.StandardService   : Starting service [Tomcat]
2020-02-29 18:54:23.332  INFO 18624 --- [main] org.apache.catalina.core.StandardEngine  : Starting Servlet Engine: Apache Tomcat/9.0.13
2020-02-29 18:54:23.338  INFO 18624 --- [main] o.a.catalina.core.AprLifecycleListener   : The APR based Apache Tomcat Native library which allows optimal performance in production environments was not found on the java.library.path: [C:\Program Files\Java\jdk1.8.0_192\bin;C:\WINDOWS\Sun\Java\bin;C:\WINDOWS\system32;C:\WINDOWS;C:\Python27\;C:\Python27\Scripts;C:\Program Files (x86)\NetSarang\Xshell 6\;C:\Program Files (x86)\Intel\Intel(R) Management Engine Components\iCLS\;C:\Program Files\Intel\Intel(R) Management Engine Components\iCLS\;C:\Program Files (x86)\Common Files\Oracle\Java\javapath;C:\Windows\system32;C:\Windows;C:\Windows\System32\Wbem;C:\Windows\System32\WindowsPowerShell\v1.0\;C:\Program Files (x86)\NVIDIA Corporation\PhysX\Common;C:\WINDOWS\system32;C:\WINDOWS;C:\WINDOWS\System32\Wbem;C:\WINDOWS\System32\WindowsPowerShell\v1.0\;C:\WINDOWS\System32\OpenSSH\;C:\Program Files\Java\jdk1.8.0_192\bin;C:\Program Files\Java\jdk1.8.0_192\jre\bin;C:\Program Files (x86)\Common Files\Thunder Network\KanKan\Codecs;C:\Program Files\NVIDIA Corporation\NVIDIA NvDLISR;C:\Program Files (x86)\Intel\Intel(R) Management Engine Components\DAL;C:\Program Files\Intel\Intel(R) Management Engine Components\DAL;C:\Program Files (x86)\Intel\Intel(R) Management Engine Components\IPT;C:\Program Files\Intel\Intel(R) Management Engine Components\IPT;C:\ProgramData\chocolatey\bin;C:\Program Files\Redis\;C:\WINDOWS\system32;C:\WINDOWS;C:\WINDOWS\System32\Wbem;C:\WINDOWS\System32\WindowsPowerShell\v1.0\;C:\WINDOWS\System32\OpenSSH\;C:\Android;C:\Program Files\Intel\WiFi\bin\;C:\Program Files\Common Files\Intel\WirelessCommon\;C:\software\apache-maven-3.6.1\bin;C:\Program Files\Git\cmd;C:\Program Files\Git\mingw64\bin;C:\Program Files\Git\usr\bin;C:\Program Files\Java\jdk1.8.0_192\bin;C:\cygwin64\bin;C:\cygwin64\sbin;C:\cygwin64\usr\local\bin;C:\Users\SuccessZhang\ssh-gateway.exp;C:\Program Files\nodejs;C:\Program Files\nodejs\node_global;C:\Users\SuccessZhang\AppData\Local\Microsoft\WindowsApps;C:\software\apache-maven-3.6.0\bin;C:\Users\SuccessZhang\AppData\Local\BypassRuntm;C:\Users\SuccessZhang\AppData\Roaming\npm;C:\Users\SuccessZhang\AppData\Local\Microsoft\WindowsApps;.]
2020-02-29 18:54:23.477  INFO 18624 --- [main] o.a.c.c.C.[Tomcat].[localhost].[/]       : Initializing Spring embedded WebApplicationContext
2020-02-29 18:54:23.477  INFO 18624 --- [main] o.s.web.context.ContextLoader            : Root WebApplicationContext: initialization completed in 1391 ms
2020-02-29 18:54:23.764  INFO 18624 --- [main] c.a.d.s.b.a.DruidDataSourceAutoConfigure : Init DruidDataSource
2020-02-29 18:54:23.979  INFO 18624 --- [main] com.alibaba.druid.pool.DruidDataSource   : {dataSource-1} inited
2020-02-29 18:54:26.153  INFO 18624 --- [main] o.s.s.concurrent.ThreadPoolTaskExecutor  : Initializing ExecutorService 'applicationTaskExecutor'
2020-02-29 18:54:26.437  INFO 18624 --- [main] io.lettuce.core.EpollProvider            : Starting without optional epoll library
2020-02-29 18:54:26.438  INFO 18624 --- [main] io.lettuce.core.KqueueProvider           : Starting without optional kqueue library
2020-02-29 18:54:28.354  INFO 18624 --- [main] s.a.ScheduledAnnotationBeanPostProcessor : No TaskScheduler/ScheduledExecutorService bean found for scheduled processing
2020-02-29 18:54:28.359  INFO 18624 --- [main] d.s.w.p.DocumentationPluginsBootstrapper : Context refreshed
2020-02-29 18:54:28.370  INFO 18624 --- [main] d.s.w.p.DocumentationPluginsBootstrapper : Found 1 custom documentation plugin(s)
2020-02-29 18:54:28.378  INFO 18624 --- [main] s.d.s.w.s.ApiListingReferenceScanner     : Scanning for api listing references
2020-02-29 18:54:28.464  WARN 18624 --- [main] d.s.r.o.OperationImplicitParameterReader : Coercing to be of type string. This may not even be a scalar type in actuality
2020-02-29 18:54:28.466  WARN 18624 --- [main] d.s.r.o.OperationImplicitParameterReader : Coercing to be of type string. This may not even be a scalar type in actuality
2020-02-29 18:54:28.479  WARN 18624 --- [main] d.s.r.o.OperationImplicitParameterReader : Coercing to be of type string. This may not even be a scalar type in actuality
2020-02-29 18:54:28.479  WARN 18624 --- [main] d.s.r.o.OperationImplicitParameterReader : Coercing to be of type string. This may not even be a scalar type in actuality
2020-02-29 18:54:28.479  WARN 18624 --- [main] d.s.r.o.OperationImplicitParameterReader : Coercing to be of type string. This may not even be a scalar type in actuality
2020-02-29 18:54:28.479  WARN 18624 --- [main] d.s.r.o.OperationImplicitParameterReader : Coercing to be of type string. This may not even be a scalar type in actuality
2020-02-29 18:54:28.479  WARN 18624 --- [main] d.s.r.o.OperationImplicitParameterReader : Coercing to be of type string. This may not even be a scalar type in actuality
2020-02-29 18:54:28.488  WARN 18624 --- [main] d.s.r.o.OperationImplicitParameterReader : Coercing to be of type string. This may not even be a scalar type in actuality
2020-02-29 18:54:28.488  WARN 18624 --- [main] d.s.r.o.OperationImplicitParameterReader : Coercing to be of type string. This may not even be a scalar type in actuality
2020-02-29 18:54:28.488  WARN 18624 --- [main] d.s.r.o.OperationImplicitParameterReader : Coercing to be of type string. This may not even be a scalar type in actuality
2020-02-29 18:54:28.497  WARN 18624 --- [main] d.s.r.o.OperationImplicitParameterReader : Coercing to be of type string. This may not even be a scalar type in actuality
2020-02-29 18:54:28.498  WARN 18624 --- [main] d.s.r.o.OperationImplicitParameterReader : Coercing to be of type string. This may not even be a scalar type in actuality
2020-02-29 18:54:28.498  WARN 18624 --- [main] d.s.r.o.OperationImplicitParameterReader : Coercing to be of type string. This may not even be a scalar type in actuality
2020-02-29 18:54:28.508  WARN 18624 --- [main] d.s.r.o.OperationImplicitParameterReader : Coercing to be of type string. This may not even be a scalar type in actuality
2020-02-29 18:54:28.508  WARN 18624 --- [main] d.s.r.o.OperationImplicitParameterReader : Coercing to be of type string. This may not even be a scalar type in actuality
2020-02-29 18:54:28.508  WARN 18624 --- [main] d.s.r.o.OperationImplicitParameterReader : Coercing to be of type string. This may not even be a scalar type in actuality
2020-02-29 18:54:28.508  WARN 18624 --- [main] d.s.r.o.OperationImplicitParameterReader : Coercing to be of type string. This may not even be a scalar type in actuality
2020-02-29 18:54:28.508  WARN 18624 --- [main] d.s.r.o.OperationImplicitParameterReader : Coercing to be of type string. This may not even be a scalar type in actuality
2020-02-29 18:54:28.508  WARN 18624 --- [main] d.s.r.o.OperationImplicitParameterReader : Coercing to be of type string. This may not even be a scalar type in actuality
2020-02-29 18:54:28.513  INFO 18624 --- [main] .d.s.w.r.o.CachingOperationNameGenerator : Generating unique operation named: queryAllUsingGET_1
2020-02-29 18:54:28.517  INFO 18624 --- [main] .d.s.w.r.o.CachingOperationNameGenerator : Generating unique operation named: deleteUsingDELETE_1
2020-02-29 18:54:28.552  INFO 18624 --- [main] o.s.b.w.embedded.tomcat.TomcatWebServer  : Tomcat started on port(s): 8088 (http) with context path ''
2020-02-29 18:54:28.554  INFO 18624 --- [main] com.sa.server.ServerApplication          : Started ServerApplication in 6.818 seconds (JVM running for 8.351)
2020-02-29 18:54:34.711  INFO 18624 --- [Thread-16] o.s.s.concurrent.ThreadPoolTaskExecutor  : Shutting down ExecutorService 'applicationTaskExecutor'
2020-02-29 18:54:34.715  INFO 18624 --- [Thread-16] com.alibaba.druid.pool.DruidDataSource   : {dataSource-1} closed
