2018-12-28 14:44:39.668 DEBUG 5288 --- [background-preinit] .h.v.m.ResourceBundleMessageInterpolator : Loaded expression factory via original TCCL
2018-12-28 14:44:39.747  INFO 5288 --- [main] com.sa.server.ServerApplication          : Starting ServerApplication on MSI with PID 5288 (E:\projects\ShopAnywhereServer\out\production\classes started by SuccessZhang in E:\projects\ShopAnywhereServer)
2018-12-28 14:44:39.748  INFO 5288 --- [main] com.sa.server.ServerApplication          : No active profile set, falling back to default profiles: default
2018-12-28 14:44:40.184  INFO 5288 --- [main] .s.d.r.c.RepositoryConfigurationDelegate : Multiple Spring Data modules found, entering strict repository configuration mode!
2018-12-28 14:44:40.186  INFO 5288 --- [main] .s.d.r.c.RepositoryConfigurationDelegate : Bootstrapping Spring Data repositories in DEFAULT mode.
2018-12-28 14:44:40.205  INFO 5288 --- [main] .s.d.r.c.RepositoryConfigurationDelegate : Finished Spring Data repository scanning in 9ms. Found 0 repository interfaces.
2018-12-28 14:44:40.663  INFO 5288 --- [main] o.s.b.w.embedded.tomcat.TomcatWebServer  : Tomcat initialized with port(s): 8000 (http)
2018-12-28 14:44:40.677  INFO 5288 --- [main] o.apache.catalina.core.StandardService   : Starting service [Tomcat]
2018-12-28 14:44:40.678  INFO 5288 --- [main] org.apache.catalina.core.StandardEngine  : Starting Servlet Engine: Apache Tomcat/9.0.13
2018-12-28 14:44:40.683  INFO 5288 --- [main] o.a.catalina.core.AprLifecycleListener   : The APR based Apache Tomcat Native library which allows optimal performance in production environments was not found on the java.library.path: [C:\Program Files\Java\jdk1.8.0_192\bin;C:\WINDOWS\Sun\Java\bin;C:\WINDOWS\system32;C:\WINDOWS;C:\Program Files (x86)\Intel\Intel(R) Management Engine Components\iCLS\;C:\Program Files\Intel\Intel(R) Management Engine Components\iCLS\;C:\Program Files (x86)\Common Files\Oracle\Java\javapath;C:\Windows\system32;C:\Windows;C:\Windows\System32\Wbem;C:\Windows\System32\WindowsPowerShell\v1.0\;C:\Program Files (x86)\NVIDIA Corporation\PhysX\Common;C:\WINDOWS\system32;C:\WINDOWS;C:\WINDOWS\System32\Wbem;C:\WINDOWS\System32\WindowsPowerShell\v1.0\;C:\WINDOWS\System32\OpenSSH\;C:\Program Files\Java\jdk1.8.0_192\bin;C:\Program Files\Java\jdk1.8.0_192\jre\bin;C:\Program Files (x86)\Common Files\Thunder Network\KanKan\Codecs;C:\Program Files\Git\cmd;C:\Program Files\NVIDIA Corporation\NVIDIA NvDLISR;C:\Program Files (x86)\Intel\Intel(R) Management Engine Components\DAL;C:\Program Files\Intel\Intel(R) Management Engine Components\DAL;C:\Program Files (x86)\Intel\Intel(R) Management Engine Components\IPT;C:\Program Files\Intel\Intel(R) Management Engine Components\IPT;C:\Program Files\Intel\WiFi\bin\;C:\Program Files\Common Files\Intel\WirelessCommon\;C:\ProgramData\chocolatey\bin;C:\Program Files\nodejs\;C:\Users\SuccessZhang\AppData\Local\Microsoft\WindowsApps;C:\Program Files\Intel\WiFi\bin\;C:\Program Files\Common Files\Intel\WirelessCommon\;C:\Users\SuccessZhang\AppData\Roaming\npm;.]
2018-12-28 14:44:40.766  INFO 5288 --- [main] o.a.c.c.C.[Tomcat].[localhost].[/]       : Initializing Spring embedded WebApplicationContext
2018-12-28 14:44:40.767  INFO 5288 --- [main] o.s.web.context.ContextLoader            : Root WebApplicationContext: initialization completed in 989 ms
2018-12-28 14:44:41.148  INFO 5288 --- [main] o.s.s.concurrent.ThreadPoolTaskExecutor  : Initializing ExecutorService 'applicationTaskExecutor'
2018-12-28 14:44:41.436  INFO 5288 --- [main] o.s.s.web.DefaultSecurityFilterChain     : Creating filter chain: any request, [org.springframework.security.web.context.request.async.WebAsyncManagerIntegrationFilter@7a84788f, org.springframework.security.web.context.SecurityContextPersistenceFilter@2dd63e3, org.springframework.security.web.header.HeaderWriterFilter@32507479, org.springframework.security.web.csrf.CsrfFilter@29013ef2, org.springframework.security.web.authentication.logout.LogoutFilter@42fc4ac4, org.springframework.security.web.authentication.UsernamePasswordAuthenticationFilter@2dff7085, org.springframework.security.web.authentication.ui.DefaultLoginPageGeneratingFilter@5d9618f2, org.springframework.security.web.authentication.ui.DefaultLogoutPageGeneratingFilter@102c18e, org.springframework.security.web.authentication.www.BasicAuthenticationFilter@b30a50d, org.springframework.security.web.savedrequest.RequestCacheAwareFilter@209f3887, org.springframework.security.web.servletapi.SecurityContextHolderAwareRequestFilter@426131d7, org.springframework.security.web.authentication.AnonymousAuthenticationFilter@26e0d39c, org.springframework.security.web.session.SessionManagementFilter@4ae2e781, org.springframework.security.web.access.ExceptionTranslationFilter@7aea704c, org.springframework.security.web.access.intercept.FilterSecurityInterceptor@3a296107]
2018-12-28 14:44:41.515  INFO 5288 --- [main] io.lettuce.core.EpollProvider            : Starting without optional epoll library
2018-12-28 14:44:41.516  INFO 5288 --- [main] io.lettuce.core.KqueueProvider           : Starting without optional kqueue library
2018-12-28 14:44:42.579  INFO 5288 --- [main] s.a.ScheduledAnnotationBeanPostProcessor : No TaskScheduler/ScheduledExecutorService bean found for scheduled processing
2018-12-28 14:44:42.596  INFO 5288 --- [main] o.s.b.w.embedded.tomcat.TomcatWebServer  : Tomcat started on port(s): 8000 (http) with context path ''
2018-12-28 14:44:42.598  INFO 5288 --- [main] com.sa.server.ServerApplication          : Started ServerApplication in 3.2 seconds (JVM running for 3.989)
2018-12-28 14:44:46.239  INFO 5288 --- [Thread-9] o.s.s.concurrent.ThreadPoolTaskExecutor  : Shutting down ExecutorService 'applicationTaskExecutor'
